<?xml version="1.0" encoding="UTF-8"?>
<testng-results ignored="0" total="2" passed="1" failed="1" skipped="0">
  <reporter-output>
  </reporter-output>
  <suite started-at="2023-05-19T18:19:30 IST" name="Default suite" finished-at="2023-05-19T18:19:43 IST" duration-ms="13487">
    <groups>
    </groups>
    <test started-at="2023-05-19T18:19:30 IST" name="Default test" finished-at="2023-05-19T18:19:43 IST" duration-ms="13487">
      <class name="navbar_buttons.Electronics_moduletest">
        <test-method is-config="true" signature="startTest()[pri:0, instance:navbar_buttons.Electronics_moduletest@1b11171f]" started-at="2023-05-19T18:19:30 IST" name="startTest" finished-at="2023-05-19T18:19:30 IST" duration-ms="121" status="PASS">
          <reporter-output>
          </reporter-output>
        </test-method> <!-- startTest -->
        <test-method is-config="true" signature="Homepage()[pri:0, instance:navbar_buttons.Electronics_moduletest@1b11171f]" started-at="2023-05-19T18:19:30 IST" name="Homepage" finished-at="2023-05-19T18:19:35 IST" duration-ms="4867" status="PASS">
          <reporter-output>
          </reporter-output>
        </test-method> <!-- Homepage -->
        <test-method signature="logoverify()[pri:1, instance:navbar_buttons.Electronics_moduletest@1b11171f]" started-at="2023-05-19T18:19:35 IST" name="logoverify" finished-at="2023-05-19T18:19:35 IST" duration-ms="762" status="PASS">
          <reporter-output>
          </reporter-output>
        </test-method> <!-- logoverify -->
        <test-method is-config="true" signature="getResult(org.testng.ITestResult)[pri:0, instance:navbar_buttons.Electronics_moduletest@1b11171f]" started-at="2023-05-19T18:19:35 IST" name="getResult" finished-at="2023-05-19T18:19:35 IST" duration-ms="2" status="PASS">
          <params>
            <param index="0">
              <value>
                <![CDATA[[TestResult name=logoverify status=SUCCESS method=Electronics_moduletest.logoverify()[pri:1, instance:navbar_buttons.Electronics_moduletest@1b11171f] output={null}]]]>
              </value>
            </param>
          </params>
          <reporter-output>
          </reporter-output>
        </test-method> <!-- getResult -->
        <test-method signature="sort_item()[pri:2, instance:navbar_buttons.Electronics_moduletest@1b11171f]" started-at="2023-05-19T18:19:35 IST" name="sort_item" finished-at="2023-05-19T18:19:43 IST" duration-ms="7618" status="FAIL">
          <exception class="java.lang.AssertionError">
            <message>
              <![CDATA[expected [JioMart Electronic Online Shoppin] but found [JioMart Electronic Online Shopping]]]>
            </message>
            <full-stacktrace>
              <![CDATA[java.lang.AssertionError: expected [JioMart Electronic Online Shoppin] but found [JioMart Electronic Online Shopping]
at org.testng.Assert.fail(Assert.java:99)
at org.testng.Assert.failNotEquals(Assert.java:1037)
at org.testng.Assert.assertEqualsImpl(Assert.java:140)
at org.testng.Assert.assertEquals(Assert.java:122)
at org.testng.Assert.assertEquals(Assert.java:629)
at org.testng.Assert.assertEquals(Assert.java:639)
at navbar_buttons.Navbar_actions.sort_item(Navbar_actions.java:35)
at navbar_buttons.Electronics_moduletest.sort_item(Electronics_moduletest.java:54)
at java.base/jdk.internal.reflect.NativeMethodAccessorImpl.invoke0(Native Method)
at java.base/jdk.internal.reflect.NativeMethodAccessorImpl.invoke(NativeMethodAccessorImpl.java:77)
at java.base/jdk.internal.reflect.DelegatingMethodAccessorImpl.invoke(DelegatingMethodAccessorImpl.java:43)
at java.base/java.lang.reflect.Method.invoke(Method.java:568)
at org.testng.internal.MethodInvocationHelper.invokeMethod(MethodInvocationHelper.java:133)
at org.testng.internal.TestInvoker.invokeMethod(TestInvoker.java:598)
at org.testng.internal.TestInvoker.invokeTestMethod(TestInvoker.java:173)
at org.testng.internal.MethodRunner.runInSequence(MethodRunner.java:46)
at org.testng.internal.TestInvoker$MethodInvocationAgent.invoke(TestInvoker.java:824)
at org.testng.internal.TestInvoker.invokeTestMethods(TestInvoker.java:146)
at org.testng.internal.TestMethodWorker.invokeTestMethods(TestMethodWorker.java:146)
at org.testng.internal.TestMethodWorker.run(TestMethodWorker.java:128)
at java.base/java.util.ArrayList.forEach(ArrayList.java:1511)
at org.testng.TestRunner.privateRun(TestRunner.java:794)
at org.testng.TestRunner.run(TestRunner.java:596)
at org.testng.SuiteRunner.runTest(SuiteRunner.java:377)
at org.testng.SuiteRunner.runSequentially(SuiteRunner.java:371)
at org.testng.SuiteRunner.privateRun(SuiteRunner.java:332)
at org.testng.SuiteRunner.run(SuiteRunner.java:276)
at org.testng.SuiteRunnerWorker.runSuite(SuiteRunnerWorker.java:53)
at org.testng.SuiteRunnerWorker.run(SuiteRunnerWorker.java:96)
at org.testng.TestNG.runSuitesSequentially(TestNG.java:1212)
at org.testng.TestNG.runSuitesLocally(TestNG.java:1134)
at org.testng.TestNG.runSuites(TestNG.java:1063)
at org.testng.TestNG.run(TestNG.java:1031)
at org.testng.remote.AbstractRemoteTestNG.run(AbstractRemoteTestNG.java:115)
at org.testng.remote.RemoteTestNG.initAndRun(RemoteTestNG.java:251)
at org.testng.remote.RemoteTestNG.main(RemoteTestNG.java:77)
]]>
            </full-stacktrace>
          </exception> <!-- java.lang.AssertionError -->
          <reporter-output>
          </reporter-output>
        </test-method> <!-- sort_item -->
        <test-method is-config="true" signature="getResult(org.testng.ITestResult)[pri:0, instance:navbar_buttons.Electronics_moduletest@1b11171f]" started-at="2023-05-19T18:19:43 IST" name="getResult" finished-at="2023-05-19T18:19:43 IST" duration-ms="214" status="PASS">
          <params>
            <param index="0">
              <value>
                <![CDATA[[TestResult name=sort_item status=FAILURE method=Electronics_moduletest.sort_item()[pri:2, instance:navbar_buttons.Electronics_moduletest@1b11171f] output={null}]]]>
              </value>
            </param>
          </params>
          <reporter-output>
          </reporter-output>
        </test-method> <!-- getResult -->
        <test-method is-config="true" signature="EndTest()[pri:0, instance:navbar_buttons.Electronics_moduletest@1b11171f]" started-at="2023-05-19T18:19:43 IST" name="EndTest" finished-at="2023-05-19T18:19:44 IST" duration-ms="395" status="PASS">
          <reporter-output>
          </reporter-output>
        </test-method> <!-- EndTest -->
      </class> <!-- navbar_buttons.Electronics_moduletest -->
    </test> <!-- Default test -->
  </suite> <!-- Default suite -->
</testng-results>
